<?xml version="1.0" encoding="UTF-8"?>
<!-- Generated by org.testng.reporters.JUnitReportReporter -->
<testsuite hostname="DESKTOP-7S2UBPA" failures="0" tests="1" name="mavenproject.SimplePro" time="39.813" errors="0" timestamp="2023-08-06T09:23:24 IST" skipped="0">
  <testcase classname="mavenproject.SimplePro" name="m" time="39.813"/>
  <system-out/>
</testsuite> <!-- mavenproject.SimplePro -->
