<?xml version="1.0" encoding="UTF-8"?>
<!-- Generated by org.testng.reporters.JUnitReportReporter -->
<testsuite hostname="DESKTOP-7S2UBPA" failures="0" tests="1" name="fetchingdata.ReadData" time="3.876" errors="0" timestamp="2023-07-26T11:02:39 IST" skipped="0">
  <testcase classname="fetchingdata.ReadData" name="readDataFromExcel" time="3.876"/>
</testsuite> <!-- fetchingdata.ReadData -->
